<?xml version="1.0" encoding="UTF-8"?>
<!-- Generated by org.testng.reporters.JUnitReportReporter -->
<testsuite hostname="BHARATH-KUMAR" failures="0" tests="3" name="com.crm.qa.testcases.LoginPageTest" time="51.102" errors="0" timestamp="2024-03-26T18:16:14 IST" skipped="0">
  <testcase classname="com.crm.qa.testcases.LoginPageTest" name="loginPageTitleTest" time="10.435"/>
  <system-out/>
  <testcase classname="com.crm.qa.testcases.LoginPageTest" name="crmLogoImageTest" time="17.242"/>
  <system-out/>
  <testcase classname="com.crm.qa.testcases.LoginPageTest" name="loginTest" time="23.425"/>
  <system-out/>
</testsuite> <!-- com.crm.qa.testcases.LoginPageTest -->
